c:\users\sys\documents\visual studio 2017\computaciongraficaavanzada\proyfinal\debug\vc141.pdb
c:\users\sys\documents\visual studio 2017\computaciongraficaavanzada\proyfinal\debug\vc141.idb
c:\users\sys\documents\visual studio 2017\computaciongraficaavanzada\proyfinal\debug\timemanager.obj
c:\users\sys\documents\visual studio 2017\computaciongraficaavanzada\proyfinal\debug\texture.obj
c:\users\sys\documents\visual studio 2017\computaciongraficaavanzada\proyfinal\debug\sphere.obj
c:\users\sys\documents\visual studio 2017\computaciongraficaavanzada\proyfinal\debug\shader.obj
c:\users\sys\documents\visual studio 2017\computaciongraficaavanzada\proyfinal\debug\model.obj
c:\users\sys\documents\visual studio 2017\computaciongraficaavanzada\proyfinal\debug\mesh.obj
c:\users\sys\documents\visual studio 2017\computaciongraficaavanzada\proyfinal\debug\main.obj
c:\users\sys\documents\visual studio 2017\computaciongraficaavanzada\proyfinal\debug\inputmanager.obj
c:\users\sys\documents\visual studio 2017\computaciongraficaavanzada\proyfinal\debug\cubemaptexture.obj
c:\users\sys\documents\visual studio 2017\computaciongraficaavanzada\debug\integrationopenal.ilk
c:\users\sys\documents\visual studio 2017\computaciongraficaavanzada\debug\integrationopenal.exe
c:\users\sys\documents\visual studio 2017\computaciongraficaavanzada\debug\integrationopenal.pdb
c:\users\sys\documents\visual studio 2017\computaciongraficaavanzada\proyfinal\debug\integrat.a5abfed8.tlog\cl.command.1.tlog
c:\users\sys\documents\visual studio 2017\computaciongraficaavanzada\proyfinal\debug\integrat.a5abfed8.tlog\cl.read.1.tlog
c:\users\sys\documents\visual studio 2017\computaciongraficaavanzada\proyfinal\debug\integrat.a5abfed8.tlog\cl.write.1.tlog
c:\users\sys\documents\visual studio 2017\computaciongraficaavanzada\proyfinal\debug\integrat.a5abfed8.tlog\link.command.1.tlog
c:\users\sys\documents\visual studio 2017\computaciongraficaavanzada\proyfinal\debug\integrat.a5abfed8.tlog\link.read.1.tlog
c:\users\sys\documents\visual studio 2017\computaciongraficaavanzada\proyfinal\debug\integrat.a5abfed8.tlog\link.write.1.tlog
